[2019-03-01T15:06:33.965] [ERROR] cheese - { code: 1,
  message:
   'node-fetch和后端通讯异常http://localhost/books/basic/web/index.php?r=library/index',
  data: [] }
[2019-03-01T15:07:10.442] [ERROR] cheese - { [Error: ENOENT: no such file or directory, open '/Users/gaoyijian/Desktop/yd/nodedemo/dist/views/index.html']
  errno: -2,
  code: 'ENOENT',
  syscall: 'open',
  path: '/Users/gaoyijian/Desktop/yd/nodedemo/dist/views/index.html' }
[2019-03-01T15:07:11.783] [ERROR] cheese - { [Error: ENOENT: no such file or directory, open '/Users/gaoyijian/Desktop/yd/nodedemo/dist/views/index.html']
  errno: -2,
  code: 'ENOENT',
  syscall: 'open',
  path: '/Users/gaoyijian/Desktop/yd/nodedemo/dist/views/index.html' }
[2019-03-01T15:07:12.082] [ERROR] cheese - { [Error: ENOENT: no such file or directory, open '/Users/gaoyijian/Desktop/yd/nodedemo/dist/views/index.html']
  errno: -2,
  code: 'ENOENT',
  syscall: 'open',
  path: '/Users/gaoyijian/Desktop/yd/nodedemo/dist/views/index.html' }
[2019-03-01T15:07:12.275] [ERROR] cheese - { [Error: ENOENT: no such file or directory, open '/Users/gaoyijian/Desktop/yd/nodedemo/dist/views/index.html']
  errno: -2,
  code: 'ENOENT',
  syscall: 'open',
  path: '/Users/gaoyijian/Desktop/yd/nodedemo/dist/views/index.html' }
[2019-03-01T15:11:59.804] [ERROR] cheese - { [Error: ENOENT: no such file or directory, open '/Users/gaoyijian/Desktop/yd/nodedemo/dist/views/list/list.html']
  errno: -2,
  code: 'ENOENT',
  syscall: 'open',
  path:
   '/Users/gaoyijian/Desktop/yd/nodedemo/dist/views/list/list.html' }
[2019-03-01T15:14:13.814] [ERROR] cheese - { [Error: ENOENT: no such file or directory, open '/Users/gaoyijian/Desktop/yd/nodedemo/dist/views/lbooks/pages/list.html']
  errno: -2,
  code: 'ENOENT',
  syscall: 'open',
  path:
   '/Users/gaoyijian/Desktop/yd/nodedemo/dist/views/lbooks/pages/list.html' }
[2019-03-01T15:14:14.516] [ERROR] cheese - { [Error: ENOENT: no such file or directory, open '/Users/gaoyijian/Desktop/yd/nodedemo/dist/views/lbooks/pages/list.html']
  errno: -2,
  code: 'ENOENT',
  syscall: 'open',
  path:
   '/Users/gaoyijian/Desktop/yd/nodedemo/dist/views/lbooks/pages/list.html' }
[2019-03-01T15:14:38.442] [ERROR] cheese - { Error: ENOENT: no such file or directory, open '/Users/gaoyijian/Desktop/yd/nodedemo/dist/views/common/ayout.html'
    at Object.openSync (fs.js:439:3)
    at Object.readFileSync (fs.js:344:35)
    at Object.ret.load (/Users/gaoyijian/Desktop/yd/nodedemo/node_modules/swig-templates/lib/loaders/filesystem.js:59:15)
    at exports.Swig.parseFile (/Users/gaoyijian/Desktop/yd/nodedemo/node_modules/swig-templates/lib/swig.js:403:31)
    at getParents (/Users/gaoyijian/Desktop/yd/nodedemo/node_modules/swig-templates/lib/swig.js:480:14)
    at exports.Swig.precompile (/Users/gaoyijian/Desktop/yd/nodedemo/node_modules/swig-templates/lib/swig.js:527:19)
    at exports.Swig.compile (/Users/gaoyijian/Desktop/yd/nodedemo/node_modules/swig-templates/lib/swig.js:651:16)
    at /Users/gaoyijian/Desktop/yd/nodedemo/node_modules/swig-templates/lib/swig.js:729:27
    at FSReqWrap.readFileAfterClose [as oncomplete] (internal/fs/read_file_context.js:53:3)
  errno: -2,
  syscall: 'open',
  code: 'ENOENT',
  path:
   '/Users/gaoyijian/Desktop/yd/nodedemo/dist/views/common/ayout.html' }
[2019-03-01T15:14:39.136] [ERROR] cheese - { Error: ENOENT: no such file or directory, open '/Users/gaoyijian/Desktop/yd/nodedemo/dist/views/common/ayout.html'
    at Object.openSync (fs.js:439:3)
    at Object.readFileSync (fs.js:344:35)
    at Object.ret.load (/Users/gaoyijian/Desktop/yd/nodedemo/node_modules/swig-templates/lib/loaders/filesystem.js:59:15)
    at exports.Swig.parseFile (/Users/gaoyijian/Desktop/yd/nodedemo/node_modules/swig-templates/lib/swig.js:403:31)
    at getParents (/Users/gaoyijian/Desktop/yd/nodedemo/node_modules/swig-templates/lib/swig.js:480:14)
    at exports.Swig.precompile (/Users/gaoyijian/Desktop/yd/nodedemo/node_modules/swig-templates/lib/swig.js:527:19)
    at exports.Swig.compile (/Users/gaoyijian/Desktop/yd/nodedemo/node_modules/swig-templates/lib/swig.js:651:16)
    at /Users/gaoyijian/Desktop/yd/nodedemo/node_modules/swig-templates/lib/swig.js:729:27
    at FSReqWrap.readFileAfterClose [as oncomplete] (internal/fs/read_file_context.js:53:3)
  errno: -2,
  syscall: 'open',
  code: 'ENOENT',
  path:
   '/Users/gaoyijian/Desktop/yd/nodedemo/dist/views/common/ayout.html' }
